android/app/build/intermediates/manifest_merge_blame_file/debug/manifest-merger-blame-debug-report.txt
1<?xml version="1.0" encoding="utf-8"?>
2<manifest xmlns:android="http://schemas.android.com/apk/res/android"
3    package="com.fur"
4    android:versionCode="1"
5    android:versionName="1.0" >
6
7    <uses-sdk
8        android:minSdkVersion="21"
9        android:targetSdkVersion="30" />
10
11    <uses-permission android:name="android.permission.SYSTEM_ALERT_WINDOW" />
11-->src/debug/AndroidManifest.xml:5:5-77
11-->src/debug/AndroidManifest.xml:5:22-75
12    <uses-permission android:name="android.permission.INTERNET" />
12-->src/main/AndroidManifest.xml:4:5-67
12-->src/main/AndroidManifest.xml:4:22-64
13    <uses-permission android:name="android.permission.ACCESS_WIFI_STATE" />
13-->[com.facebook.flipper:flipper:0.99.0] AndroidManifest.xml:16:5-76
13-->[com.facebook.flipper:flipper:0.99.0] AndroidManifest.xml:16:22-73
14    <uses-permission android:name="android.permission.ACCESS_NETWORK_STATE" />
14-->[:react-native-network-info] AndroidManifest.xml:10:5-79
14-->[:react-native-network-info] AndroidManifest.xml:10:22-76
15
16    <application
16-->src/main/AndroidManifest.xml:6:5-35:19
17        android:name="com.fur.MainApplication"
17-->src/main/AndroidManifest.xml:7:7-38
18        android:allowBackup="false"
18-->src/main/AndroidManifest.xml:11:7-34
19        android:appComponentFactory="androidx.core.app.CoreComponentFactory"
19-->[androidx.core:core:1.6.0] AndroidManifest.xml:24:18-86
20        android:debuggable="true"
21        android:icon="@mipmap/ic_launcher"
21-->src/main/AndroidManifest.xml:9:7-41
22        android:label="@string/app_name"
22-->src/main/AndroidManifest.xml:8:7-39
23        android:roundIcon="@mipmap/ic_launcher_round"
23-->src/main/AndroidManifest.xml:10:7-52
24        android:theme="@style/AppTheme"
24-->src/main/AndroidManifest.xml:12:7-38
25        android:usesCleartextTraffic="true" >
25-->src/debug/AndroidManifest.xml:8:9-44
26        <activity android:name="com.facebook.react.devsupport.DevSettingsActivity" />
26-->src/debug/AndroidManifest.xml:11:9-86
26-->src/debug/AndroidManifest.xml:11:19-83
27        <activity
27-->src/main/AndroidManifest.xml:13:8-21:18
28            android:name="com.fur.SplashActivity"
28-->src/main/AndroidManifest.xml:14:9-39
29            android:label="@string/app_name"
29-->src/main/AndroidManifest.xml:16:9-41
30            android:theme="@style/SplashTheme" >
30-->src/main/AndroidManifest.xml:15:9-43
31            <intent-filter>
31-->src/main/AndroidManifest.xml:17:9-20:25
32                <action android:name="android.intent.action.MAIN" />
32-->src/main/AndroidManifest.xml:18:11-63
32-->src/main/AndroidManifest.xml:18:19-60
33
34                <category android:name="android.intent.category.LAUNCHER" />
34-->src/main/AndroidManifest.xml:19:11-71
34-->src/main/AndroidManifest.xml:19:21-68
35            </intent-filter>
36        </activity>
37        <activity
37-->src/main/AndroidManifest.xml:22:7-34:18
38            android:name="com.fur.MainActivity"
38-->src/main/AndroidManifest.xml:23:9-37
39            android:configChanges="keyboard|keyboardHidden|orientation|screenSize|uiMode"
39-->src/main/AndroidManifest.xml:25:9-86
40            android:exported="true"
40-->src/main/AndroidManifest.xml:28:9-32
41            android:label="@string/app_name"
41-->src/main/AndroidManifest.xml:24:9-41
42            android:launchMode="singleTask"
42-->src/main/AndroidManifest.xml:26:9-40
43            android:windowSoftInputMode="adjustResize" >
43-->src/main/AndroidManifest.xml:27:9-51
44
45            <!--
46        <intent-filter>
47            <action android:name="android.intent.action.MAIN" />
48            <category android:name="android.intent.category.LAUNCHER" />
49        </intent-filter>
50            -->
51        </activity>
52    </application>
53
54</manifest>